WARNING: An illegal reflective access operation has occurred
WARNING: Illegal reflective access by org.apache.spark.unsafe.Platform (file:/cm/shared/apps/spack/cpu/opt/spack/linux-centos8-zen/gcc-8.3.1/spark-3.2.1-bin-hadoop3.2/jars/spark-unsafe_2.12-3.2.1.jar) to constructor java.nio.DirectByteBuffer(long,int)
WARNING: Please consider reporting this to the maintainers of org.apache.spark.unsafe.Platform
WARNING: Use --illegal-access=warn to enable warnings of further illegal reflective access operations
WARNING: All illegal access operations will be denied in a future release
Using Spark's default log4j profile: org/apache/spark/log4j-defaults.properties
23/04/05 12:44:22 INFO SparkContext: Running Spark version 3.2.1
23/04/05 12:44:22 WARN NativeCodeLoader: Unable to load native-hadoop library for your platform... using builtin-java classes where applicable
23/04/05 12:44:23 INFO ResourceUtils: ==============================================================
23/04/05 12:44:23 INFO ResourceUtils: No custom resources configured for spark.driver.
23/04/05 12:44:23 INFO ResourceUtils: ==============================================================
23/04/05 12:44:23 INFO SparkContext: Submitted application: Graph
23/04/05 12:44:23 INFO ResourceProfile: Default ResourceProfile created, executor resources: Map(cores -> name: cores, amount: 1, script: , vendor: , memory -> name: memory, amount: 1024, script: , vendor: , offHeap -> name: offHeap, amount: 0, script: , vendor: ), task resources: Map(cpus -> name: cpus, amount: 1.0)
23/04/05 12:44:23 INFO ResourceProfile: Limiting resource is cpu
23/04/05 12:44:23 INFO ResourceProfileManager: Added ResourceProfile id: 0
23/04/05 12:44:23 INFO SecurityManager: Changing view acls to: ksavaliya
23/04/05 12:44:23 INFO SecurityManager: Changing modify acls to: ksavaliya
23/04/05 12:44:23 INFO SecurityManager: Changing view acls groups to: 
23/04/05 12:44:23 INFO SecurityManager: Changing modify acls groups to: 
23/04/05 12:44:23 INFO SecurityManager: SecurityManager: authentication disabled; ui acls disabled; users  with view permissions: Set(ksavaliya); groups with view permissions: Set(); users  with modify permissions: Set(ksavaliya); groups with modify permissions: Set()
23/04/05 12:44:23 INFO Utils: Successfully started service 'sparkDriver' on port 33303.
23/04/05 12:44:23 INFO SparkEnv: Registering MapOutputTracker
23/04/05 12:44:23 INFO SparkEnv: Registering BlockManagerMaster
23/04/05 12:44:23 INFO BlockManagerMasterEndpoint: Using org.apache.spark.storage.DefaultTopologyMapper for getting topology information
23/04/05 12:44:23 INFO BlockManagerMasterEndpoint: BlockManagerMasterEndpoint up
23/04/05 12:44:23 INFO SparkEnv: Registering BlockManagerMasterHeartbeat
23/04/05 12:44:23 INFO DiskBlockManager: Created local directory at /tmp/blockmgr-9cff0073-7511-41d1-8918-85a71f8ae900
23/04/05 12:44:23 INFO MemoryStore: MemoryStore started with capacity 434.4 MiB
23/04/05 12:44:23 INFO SparkEnv: Registering OutputCommitCoordinator
23/04/05 12:44:23 INFO Utils: Successfully started service 'SparkUI' on port 4040.
23/04/05 12:44:23 INFO SparkUI: Bound SparkUI to 0.0.0.0, and started at http://exp-1-37.expanse.sdsc.edu:4040
23/04/05 12:44:23 INFO SparkContext: Added JAR file:/home/ksavaliya/project5/partition.jar at spark://exp-1-37.expanse.sdsc.edu:33303/jars/partition.jar with timestamp 1680723862897
23/04/05 12:44:24 INFO Executor: Starting executor ID driver on host exp-1-37.expanse.sdsc.edu
23/04/05 12:44:24 INFO Executor: Fetching spark://exp-1-37.expanse.sdsc.edu:33303/jars/partition.jar with timestamp 1680723862897
23/04/05 12:44:24 INFO TransportClientFactory: Successfully created connection to exp-1-37.expanse.sdsc.edu/198.202.103.218:33303 after 43 ms (0 ms spent in bootstraps)
23/04/05 12:44:24 INFO Utils: Fetching spark://exp-1-37.expanse.sdsc.edu:33303/jars/partition.jar to /tmp/spark-1bfbd41e-4d47-4981-b7d4-4e675acdd499/userFiles-62b53bbc-4631-4aba-b980-586d56334c20/fetchFileTemp13029850754310274766.tmp
23/04/05 12:44:24 INFO Executor: Adding file:/tmp/spark-1bfbd41e-4d47-4981-b7d4-4e675acdd499/userFiles-62b53bbc-4631-4aba-b980-586d56334c20/partition.jar to class loader
23/04/05 12:44:24 INFO Utils: Successfully started service 'org.apache.spark.network.netty.NettyBlockTransferService' on port 35361.
23/04/05 12:44:24 INFO NettyBlockTransferService: Server created on exp-1-37.expanse.sdsc.edu:35361
23/04/05 12:44:24 INFO BlockManager: Using org.apache.spark.storage.RandomBlockReplicationPolicy for block replication policy
23/04/05 12:44:24 INFO BlockManagerMaster: Registering BlockManager BlockManagerId(driver, exp-1-37.expanse.sdsc.edu, 35361, None)
23/04/05 12:44:24 INFO BlockManagerMasterEndpoint: Registering block manager exp-1-37.expanse.sdsc.edu:35361 with 434.4 MiB RAM, BlockManagerId(driver, exp-1-37.expanse.sdsc.edu, 35361, None)
23/04/05 12:44:24 INFO BlockManagerMaster: Registered BlockManager BlockManagerId(driver, exp-1-37.expanse.sdsc.edu, 35361, None)
23/04/05 12:44:24 INFO BlockManager: Initialized BlockManager: BlockManagerId(driver, exp-1-37.expanse.sdsc.edu, 35361, None)
23/04/05 12:44:24 INFO MemoryStore: Block broadcast_0 stored as values in memory (estimated size 219.7 KiB, free 434.2 MiB)
23/04/05 12:44:25 INFO MemoryStore: Block broadcast_0_piece0 stored as bytes in memory (estimated size 32.1 KiB, free 434.2 MiB)
23/04/05 12:44:25 INFO BlockManagerInfo: Added broadcast_0_piece0 in memory on exp-1-37.expanse.sdsc.edu:35361 (size: 32.1 KiB, free: 434.4 MiB)
23/04/05 12:44:25 INFO SparkContext: Created broadcast 0 from textFile at Partition.scala:17
23/04/05 12:44:25 INFO FileInputFormat: Total input files to process : 1
23/04/05 12:44:25 INFO SparkContext: Starting job: collect at Partition.scala:26
23/04/05 12:44:25 INFO DAGScheduler: Registering RDD 7 (map at Partition.scala:23) as input to shuffle 0
23/04/05 12:44:25 INFO DAGScheduler: Registering RDD 5 (flatMap at Partition.scala:21) as input to shuffle 7
23/04/05 12:44:25 INFO DAGScheduler: Registering RDD 14 (map at Partition.scala:23) as input to shuffle 1
23/04/05 12:44:25 INFO DAGScheduler: Registering RDD 12 (flatMap at Partition.scala:21) as input to shuffle 8
23/04/05 12:44:25 INFO DAGScheduler: Registering RDD 19 (flatMap at Partition.scala:21) as input to shuffle 9
23/04/05 12:44:25 INFO DAGScheduler: Registering RDD 21 (map at Partition.scala:23) as input to shuffle 2
23/04/05 12:44:25 INFO DAGScheduler: Registering RDD 26 (flatMap at Partition.scala:21) as input to shuffle 10
23/04/05 12:44:25 INFO DAGScheduler: Registering RDD 28 (map at Partition.scala:23) as input to shuffle 3
23/04/05 12:44:25 INFO DAGScheduler: Registering RDD 33 (flatMap at Partition.scala:21) as input to shuffle 11
23/04/05 12:44:25 INFO DAGScheduler: Registering RDD 35 (map at Partition.scala:23) as input to shuffle 4
23/04/05 12:44:25 INFO DAGScheduler: Registering RDD 42 (map at Partition.scala:23) as input to shuffle 5
23/04/05 12:44:25 INFO DAGScheduler: Registering RDD 40 (flatMap at Partition.scala:21) as input to shuffle 12
23/04/05 12:44:25 INFO DAGScheduler: Registering RDD 47 (map at Partition.scala:26) as input to shuffle 6
23/04/05 12:44:25 INFO DAGScheduler: Got job 0 (collect at Partition.scala:26) with 2 output partitions
23/04/05 12:44:25 INFO DAGScheduler: Final stage: ResultStage 13 (collect at Partition.scala:26)
23/04/05 12:44:25 INFO DAGScheduler: Parents of final stage: List(ShuffleMapStage 12)
23/04/05 12:44:25 INFO DAGScheduler: Missing parents: List(ShuffleMapStage 12)
23/04/05 12:44:25 INFO DAGScheduler: Submitting ShuffleMapStage 0 (MapPartitionsRDD[7] at map at Partition.scala:23), which has no missing parents
23/04/05 12:44:25 INFO MemoryStore: Block broadcast_1 stored as values in memory (estimated size 6.6 KiB, free 434.1 MiB)
23/04/05 12:44:25 INFO MemoryStore: Block broadcast_1_piece0 stored as bytes in memory (estimated size 3.6 KiB, free 434.1 MiB)
23/04/05 12:44:25 INFO BlockManagerInfo: Added broadcast_1_piece0 in memory on exp-1-37.expanse.sdsc.edu:35361 (size: 3.6 KiB, free: 434.4 MiB)
23/04/05 12:44:25 INFO SparkContext: Created broadcast 1 from broadcast at DAGScheduler.scala:1478
23/04/05 12:44:25 INFO DAGScheduler: Submitting 2 missing tasks from ShuffleMapStage 0 (MapPartitionsRDD[7] at map at Partition.scala:23) (first 15 tasks are for partitions Vector(0, 1))
23/04/05 12:44:25 INFO TaskSchedulerImpl: Adding task set 0.0 with 2 tasks resource profile 0
23/04/05 12:44:25 INFO DAGScheduler: Submitting ShuffleMapStage 1 (MapPartitionsRDD[5] at flatMap at Partition.scala:21), which has no missing parents
23/04/05 12:44:25 INFO MemoryStore: Block broadcast_2 stored as values in memory (estimated size 7.5 KiB, free 434.1 MiB)
23/04/05 12:44:26 INFO TaskSetManager: Starting task 0.0 in stage 0.0 (TID 0) (exp-1-37.expanse.sdsc.edu, executor driver, partition 0, PROCESS_LOCAL, 4503 bytes) taskResourceAssignments Map()
23/04/05 12:44:26 INFO MemoryStore: Block broadcast_2_piece0 stored as bytes in memory (estimated size 4.2 KiB, free 434.1 MiB)
23/04/05 12:44:26 INFO BlockManagerInfo: Added broadcast_2_piece0 in memory on exp-1-37.expanse.sdsc.edu:35361 (size: 4.2 KiB, free: 434.4 MiB)
23/04/05 12:44:26 INFO SparkContext: Created broadcast 2 from broadcast at DAGScheduler.scala:1478
23/04/05 12:44:26 INFO TaskSetManager: Starting task 1.0 in stage 0.0 (TID 1) (exp-1-37.expanse.sdsc.edu, executor driver, partition 1, PROCESS_LOCAL, 4503 bytes) taskResourceAssignments Map()
23/04/05 12:44:26 INFO DAGScheduler: Submitting 2 missing tasks from ShuffleMapStage 1 (MapPartitionsRDD[5] at flatMap at Partition.scala:21) (first 15 tasks are for partitions Vector(0, 1))
23/04/05 12:44:26 INFO TaskSchedulerImpl: Adding task set 1.0 with 2 tasks resource profile 0
23/04/05 12:44:26 INFO Executor: Running task 1.0 in stage 0.0 (TID 1)
23/04/05 12:44:26 INFO Executor: Running task 0.0 in stage 0.0 (TID 0)
23/04/05 12:44:26 INFO HadoopRDD: Input split: file:/home/ksavaliya/project5/small-graph.txt:0+1770
23/04/05 12:44:26 INFO HadoopRDD: Input split: file:/home/ksavaliya/project5/small-graph.txt:1770+1771
23/04/05 12:44:26 INFO Executor: Finished task 0.0 in stage 0.0 (TID 0). 1175 bytes result sent to driver
23/04/05 12:44:26 INFO Executor: Finished task 1.0 in stage 0.0 (TID 1). 1175 bytes result sent to driver
23/04/05 12:44:26 INFO TaskSetManager: Starting task 0.0 in stage 1.0 (TID 2) (exp-1-37.expanse.sdsc.edu, executor driver, partition 0, PROCESS_LOCAL, 4503 bytes) taskResourceAssignments Map()
23/04/05 12:44:26 INFO Executor: Running task 0.0 in stage 1.0 (TID 2)
23/04/05 12:44:26 INFO TaskSetManager: Finished task 0.0 in stage 0.0 (TID 0) in 271 ms on exp-1-37.expanse.sdsc.edu (executor driver) (1/2)
23/04/05 12:44:26 INFO TaskSetManager: Starting task 1.0 in stage 1.0 (TID 3) (exp-1-37.expanse.sdsc.edu, executor driver, partition 1, PROCESS_LOCAL, 4503 bytes) taskResourceAssignments Map()
23/04/05 12:44:26 INFO Executor: Running task 1.0 in stage 1.0 (TID 3)
23/04/05 12:44:26 INFO TaskSetManager: Finished task 1.0 in stage 0.0 (TID 1) in 268 ms on exp-1-37.expanse.sdsc.edu (executor driver) (2/2)
23/04/05 12:44:26 INFO TaskSchedulerImpl: Removed TaskSet 0.0, whose tasks have all completed, from pool 
23/04/05 12:44:26 INFO DAGScheduler: ShuffleMapStage 0 (map at Partition.scala:23) finished in 0.418 s
23/04/05 12:44:26 INFO DAGScheduler: looking for newly runnable stages
23/04/05 12:44:26 INFO DAGScheduler: running: Set(ShuffleMapStage 1)
23/04/05 12:44:26 INFO DAGScheduler: waiting: Set(ShuffleMapStage 12, ShuffleMapStage 9, ResultStage 13, ShuffleMapStage 5, ShuffleMapStage 2, ShuffleMapStage 6, ShuffleMapStage 3, ShuffleMapStage 10, ShuffleMapStage 7, ShuffleMapStage 4, ShuffleMapStage 11, ShuffleMapStage 8)
23/04/05 12:44:26 INFO DAGScheduler: failed: Set()
23/04/05 12:44:26 INFO HadoopRDD: Input split: file:/home/ksavaliya/project5/small-graph.txt:1770+1771
23/04/05 12:44:26 INFO HadoopRDD: Input split: file:/home/ksavaliya/project5/small-graph.txt:0+1770
23/04/05 12:44:26 INFO Executor: Finished task 0.0 in stage 1.0 (TID 2). 1261 bytes result sent to driver
23/04/05 12:44:26 INFO Executor: Finished task 1.0 in stage 1.0 (TID 3). 1261 bytes result sent to driver
23/04/05 12:44:26 INFO TaskSetManager: Finished task 0.0 in stage 1.0 (TID 2) in 137 ms on exp-1-37.expanse.sdsc.edu (executor driver) (1/2)
23/04/05 12:44:26 INFO TaskSetManager: Finished task 1.0 in stage 1.0 (TID 3) in 147 ms on exp-1-37.expanse.sdsc.edu (executor driver) (2/2)
23/04/05 12:44:26 INFO TaskSchedulerImpl: Removed TaskSet 1.0, whose tasks have all completed, from pool 
23/04/05 12:44:26 INFO DAGScheduler: ShuffleMapStage 1 (flatMap at Partition.scala:21) finished in 0.429 s
23/04/05 12:44:26 INFO DAGScheduler: looking for newly runnable stages
23/04/05 12:44:26 INFO DAGScheduler: running: Set()
23/04/05 12:44:26 INFO DAGScheduler: waiting: Set(ShuffleMapStage 12, ShuffleMapStage 9, ResultStage 13, ShuffleMapStage 5, ShuffleMapStage 2, ShuffleMapStage 6, ShuffleMapStage 3, ShuffleMapStage 10, ShuffleMapStage 7, ShuffleMapStage 4, ShuffleMapStage 11, ShuffleMapStage 8)
23/04/05 12:44:26 INFO DAGScheduler: failed: Set()
23/04/05 12:44:26 INFO DAGScheduler: Submitting ShuffleMapStage 2 (MapPartitionsRDD[14] at map at Partition.scala:23), which has no missing parents
23/04/05 12:44:26 INFO MemoryStore: Block broadcast_3 stored as values in memory (estimated size 6.8 KiB, free 434.1 MiB)
23/04/05 12:44:26 INFO MemoryStore: Block broadcast_3_piece0 stored as bytes in memory (estimated size 3.8 KiB, free 434.1 MiB)
23/04/05 12:44:26 INFO BlockManagerInfo: Added broadcast_3_piece0 in memory on exp-1-37.expanse.sdsc.edu:35361 (size: 3.8 KiB, free: 434.4 MiB)
23/04/05 12:44:26 INFO SparkContext: Created broadcast 3 from broadcast at DAGScheduler.scala:1478
23/04/05 12:44:26 INFO DAGScheduler: Submitting 2 missing tasks from ShuffleMapStage 2 (MapPartitionsRDD[14] at map at Partition.scala:23) (first 15 tasks are for partitions Vector(0, 1))
23/04/05 12:44:26 INFO TaskSchedulerImpl: Adding task set 2.0 with 2 tasks resource profile 0
23/04/05 12:44:26 INFO TaskSetManager: Starting task 0.0 in stage 2.0 (TID 4) (exp-1-37.expanse.sdsc.edu, executor driver, partition 0, NODE_LOCAL, 4477 bytes) taskResourceAssignments Map()
23/04/05 12:44:26 INFO TaskSetManager: Starting task 1.0 in stage 2.0 (TID 5) (exp-1-37.expanse.sdsc.edu, executor driver, partition 1, NODE_LOCAL, 4477 bytes) taskResourceAssignments Map()
23/04/05 12:44:26 INFO Executor: Running task 0.0 in stage 2.0 (TID 4)
23/04/05 12:44:26 INFO Executor: Running task 1.0 in stage 2.0 (TID 5)
23/04/05 12:44:26 INFO DAGScheduler: Submitting ShuffleMapStage 3 (MapPartitionsRDD[12] at flatMap at Partition.scala:21), which has no missing parents
23/04/05 12:44:26 INFO ShuffleBlockFetcherIterator: Getting 2 (327.0 B) non-empty blocks including 2 (327.0 B) local and 0 (0.0 B) host-local and 0 (0.0 B) push-merged-local and 0 (0.0 B) remote blocks
23/04/05 12:44:26 INFO ShuffleBlockFetcherIterator: Started 0 remote fetches in 7 ms
23/04/05 12:44:26 INFO ShuffleBlockFetcherIterator: Getting 2 (342.0 B) non-empty blocks including 2 (342.0 B) local and 0 (0.0 B) host-local and 0 (0.0 B) push-merged-local and 0 (0.0 B) remote blocks
23/04/05 12:44:26 INFO ShuffleBlockFetcherIterator: Started 0 remote fetches in 7 ms
23/04/05 12:44:26 INFO MemoryStore: Block broadcast_4 stored as values in memory (estimated size 6.9 KiB, free 434.1 MiB)
23/04/05 12:44:26 INFO MemoryStore: Block broadcast_4_piece0 stored as bytes in memory (estimated size 3.8 KiB, free 434.1 MiB)
23/04/05 12:44:26 INFO BlockManagerInfo: Added broadcast_4_piece0 in memory on exp-1-37.expanse.sdsc.edu:35361 (size: 3.8 KiB, free: 434.4 MiB)
23/04/05 12:44:26 INFO SparkContext: Created broadcast 4 from broadcast at DAGScheduler.scala:1478
23/04/05 12:44:26 INFO DAGScheduler: Submitting 2 missing tasks from ShuffleMapStage 3 (MapPartitionsRDD[12] at flatMap at Partition.scala:21) (first 15 tasks are for partitions Vector(0, 1))
23/04/05 12:44:26 INFO TaskSchedulerImpl: Adding task set 3.0 with 2 tasks resource profile 0
23/04/05 12:44:26 INFO ShuffleBlockFetcherIterator: Getting 2 (2.5 KiB) non-empty blocks including 2 (2.5 KiB) local and 0 (0.0 B) host-local and 0 (0.0 B) push-merged-local and 0 (0.0 B) remote blocks
23/04/05 12:44:26 INFO ShuffleBlockFetcherIterator: Started 0 remote fetches in 0 ms
23/04/05 12:44:26 INFO ShuffleBlockFetcherIterator: Getting 2 (3.0 KiB) non-empty blocks including 2 (3.0 KiB) local and 0 (0.0 B) host-local and 0 (0.0 B) push-merged-local and 0 (0.0 B) remote blocks
23/04/05 12:44:26 INFO ShuffleBlockFetcherIterator: Started 0 remote fetches in 5 ms
23/04/05 12:44:26 INFO Executor: Finished task 0.0 in stage 2.0 (TID 4). 1476 bytes result sent to driver
23/04/05 12:44:26 INFO TaskSetManager: Starting task 0.0 in stage 3.0 (TID 6) (exp-1-37.expanse.sdsc.edu, executor driver, partition 0, NODE_LOCAL, 4477 bytes) taskResourceAssignments Map()
23/04/05 12:44:26 INFO Executor: Finished task 1.0 in stage 2.0 (TID 5). 1476 bytes result sent to driver
23/04/05 12:44:26 INFO TaskSetManager: Starting task 1.0 in stage 3.0 (TID 7) (exp-1-37.expanse.sdsc.edu, executor driver, partition 1, NODE_LOCAL, 4477 bytes) taskResourceAssignments Map()
23/04/05 12:44:26 INFO TaskSetManager: Finished task 1.0 in stage 2.0 (TID 5) in 93 ms on exp-1-37.expanse.sdsc.edu (executor driver) (1/2)
23/04/05 12:44:26 INFO Executor: Running task 0.0 in stage 3.0 (TID 6)
23/04/05 12:44:26 INFO TaskSetManager: Finished task 0.0 in stage 2.0 (TID 4) in 98 ms on exp-1-37.expanse.sdsc.edu (executor driver) (2/2)
23/04/05 12:44:26 INFO TaskSchedulerImpl: Removed TaskSet 2.0, whose tasks have all completed, from pool 
23/04/05 12:44:26 INFO DAGScheduler: ShuffleMapStage 2 (map at Partition.scala:23) finished in 0.107 s
23/04/05 12:44:26 INFO DAGScheduler: looking for newly runnable stages
23/04/05 12:44:26 INFO DAGScheduler: running: Set(ShuffleMapStage 3)
23/04/05 12:44:26 INFO DAGScheduler: waiting: Set(ShuffleMapStage 12, ShuffleMapStage 9, ResultStage 13, ShuffleMapStage 5, ShuffleMapStage 6, ShuffleMapStage 10, ShuffleMapStage 7, ShuffleMapStage 4, ShuffleMapStage 11, ShuffleMapStage 8)
23/04/05 12:44:26 INFO DAGScheduler: failed: Set()
23/04/05 12:44:26 INFO ShuffleBlockFetcherIterator: Getting 2 (342.0 B) non-empty blocks including 2 (342.0 B) local and 0 (0.0 B) host-local and 0 (0.0 B) push-merged-local and 0 (0.0 B) remote blocks
23/04/05 12:44:26 INFO ShuffleBlockFetcherIterator: Started 0 remote fetches in 0 ms
23/04/05 12:44:26 INFO ShuffleBlockFetcherIterator: Getting 2 (3.0 KiB) non-empty blocks including 2 (3.0 KiB) local and 0 (0.0 B) host-local and 0 (0.0 B) push-merged-local and 0 (0.0 B) remote blocks
23/04/05 12:44:26 INFO ShuffleBlockFetcherIterator: Started 0 remote fetches in 0 ms
23/04/05 12:44:26 INFO Executor: Running task 1.0 in stage 3.0 (TID 7)
23/04/05 12:44:26 INFO ShuffleBlockFetcherIterator: Getting 2 (327.0 B) non-empty blocks including 2 (327.0 B) local and 0 (0.0 B) host-local and 0 (0.0 B) push-merged-local and 0 (0.0 B) remote blocks
23/04/05 12:44:26 INFO ShuffleBlockFetcherIterator: Started 0 remote fetches in 0 ms
23/04/05 12:44:26 INFO ShuffleBlockFetcherIterator: Getting 2 (2.5 KiB) non-empty blocks including 2 (2.5 KiB) local and 0 (0.0 B) host-local and 0 (0.0 B) push-merged-local and 0 (0.0 B) remote blocks
23/04/05 12:44:26 INFO ShuffleBlockFetcherIterator: Started 0 remote fetches in 0 ms
23/04/05 12:44:26 INFO Executor: Finished task 0.0 in stage 3.0 (TID 6). 1476 bytes result sent to driver
23/04/05 12:44:26 INFO TaskSetManager: Finished task 0.0 in stage 3.0 (TID 6) in 46 ms on exp-1-37.expanse.sdsc.edu (executor driver) (1/2)
23/04/05 12:44:26 INFO Executor: Finished task 1.0 in stage 3.0 (TID 7). 1476 bytes result sent to driver
23/04/05 12:44:26 INFO TaskSetManager: Finished task 1.0 in stage 3.0 (TID 7) in 84 ms on exp-1-37.expanse.sdsc.edu (executor driver) (2/2)
23/04/05 12:44:26 INFO TaskSchedulerImpl: Removed TaskSet 3.0, whose tasks have all completed, from pool 
23/04/05 12:44:26 INFO DAGScheduler: ShuffleMapStage 3 (flatMap at Partition.scala:21) finished in 0.155 s
23/04/05 12:44:26 INFO DAGScheduler: looking for newly runnable stages
23/04/05 12:44:26 INFO DAGScheduler: running: Set()
23/04/05 12:44:26 INFO DAGScheduler: waiting: Set(ShuffleMapStage 12, ShuffleMapStage 9, ResultStage 13, ShuffleMapStage 5, ShuffleMapStage 6, ShuffleMapStage 10, ShuffleMapStage 7, ShuffleMapStage 4, ShuffleMapStage 11, ShuffleMapStage 8)
23/04/05 12:44:26 INFO DAGScheduler: failed: Set()
23/04/05 12:44:26 INFO DAGScheduler: Submitting ShuffleMapStage 5 (MapPartitionsRDD[21] at map at Partition.scala:23), which has no missing parents
23/04/05 12:44:26 INFO MemoryStore: Block broadcast_5 stored as values in memory (estimated size 6.8 KiB, free 434.1 MiB)
23/04/05 12:44:26 INFO MemoryStore: Block broadcast_5_piece0 stored as bytes in memory (estimated size 3.8 KiB, free 434.1 MiB)
23/04/05 12:44:26 INFO BlockManagerInfo: Added broadcast_5_piece0 in memory on exp-1-37.expanse.sdsc.edu:35361 (size: 3.8 KiB, free: 434.3 MiB)
23/04/05 12:44:26 INFO SparkContext: Created broadcast 5 from broadcast at DAGScheduler.scala:1478
23/04/05 12:44:26 INFO DAGScheduler: Submitting 2 missing tasks from ShuffleMapStage 5 (MapPartitionsRDD[21] at map at Partition.scala:23) (first 15 tasks are for partitions Vector(0, 1))
23/04/05 12:44:26 INFO TaskSchedulerImpl: Adding task set 5.0 with 2 tasks resource profile 0
23/04/05 12:44:26 INFO DAGScheduler: Submitting ShuffleMapStage 4 (MapPartitionsRDD[19] at flatMap at Partition.scala:21), which has no missing parents
23/04/05 12:44:26 INFO TaskSetManager: Starting task 0.0 in stage 5.0 (TID 8) (exp-1-37.expanse.sdsc.edu, executor driver, partition 0, NODE_LOCAL, 4477 bytes) taskResourceAssignments Map()
23/04/05 12:44:26 INFO TaskSetManager: Starting task 1.0 in stage 5.0 (TID 9) (exp-1-37.expanse.sdsc.edu, executor driver, partition 1, NODE_LOCAL, 4477 bytes) taskResourceAssignments Map()
23/04/05 12:44:26 INFO Executor: Running task 1.0 in stage 5.0 (TID 9)
23/04/05 12:44:26 INFO Executor: Running task 0.0 in stage 5.0 (TID 8)
23/04/05 12:44:26 INFO MemoryStore: Block broadcast_6 stored as values in memory (estimated size 6.9 KiB, free 434.1 MiB)
23/04/05 12:44:26 INFO MemoryStore: Block broadcast_6_piece0 stored as bytes in memory (estimated size 3.8 KiB, free 434.1 MiB)
23/04/05 12:44:26 INFO BlockManagerInfo: Added broadcast_6_piece0 in memory on exp-1-37.expanse.sdsc.edu:35361 (size: 3.8 KiB, free: 434.3 MiB)
23/04/05 12:44:26 INFO SparkContext: Created broadcast 6 from broadcast at DAGScheduler.scala:1478
23/04/05 12:44:26 INFO DAGScheduler: Submitting 2 missing tasks from ShuffleMapStage 4 (MapPartitionsRDD[19] at flatMap at Partition.scala:21) (first 15 tasks are for partitions Vector(0, 1))
23/04/05 12:44:26 INFO TaskSchedulerImpl: Adding task set 4.0 with 2 tasks resource profile 0
23/04/05 12:44:26 INFO ShuffleBlockFetcherIterator: Getting 2 (378.0 B) non-empty blocks including 2 (378.0 B) local and 0 (0.0 B) host-local and 0 (0.0 B) push-merged-local and 0 (0.0 B) remote blocks
23/04/05 12:44:26 INFO ShuffleBlockFetcherIterator: Started 0 remote fetches in 0 ms
23/04/05 12:44:26 INFO ShuffleBlockFetcherIterator: Getting 2 (360.0 B) non-empty blocks including 2 (360.0 B) local and 0 (0.0 B) host-local and 0 (0.0 B) push-merged-local and 0 (0.0 B) remote blocks
23/04/05 12:44:26 INFO ShuffleBlockFetcherIterator: Started 0 remote fetches in 0 ms
23/04/05 12:44:26 INFO ShuffleBlockFetcherIterator: Getting 1 (2.9 KiB) non-empty blocks including 1 (2.9 KiB) local and 0 (0.0 B) host-local and 0 (0.0 B) push-merged-local and 0 (0.0 B) remote blocks
23/04/05 12:44:26 INFO ShuffleBlockFetcherIterator: Started 0 remote fetches in 0 ms
23/04/05 12:44:26 INFO BlockManagerInfo: Removed broadcast_3_piece0 on exp-1-37.expanse.sdsc.edu:35361 in memory (size: 3.8 KiB, free: 434.3 MiB)
23/04/05 12:44:26 INFO Executor: Finished task 0.0 in stage 5.0 (TID 8). 1476 bytes result sent to driver
23/04/05 12:44:26 INFO ShuffleBlockFetcherIterator: Getting 1 (2.2 KiB) non-empty blocks including 1 (2.2 KiB) local and 0 (0.0 B) host-local and 0 (0.0 B) push-merged-local and 0 (0.0 B) remote blocks
23/04/05 12:44:26 INFO ShuffleBlockFetcherIterator: Started 0 remote fetches in 0 ms
23/04/05 12:44:26 INFO TaskSetManager: Starting task 0.0 in stage 4.0 (TID 10) (exp-1-37.expanse.sdsc.edu, executor driver, partition 0, NODE_LOCAL, 4477 bytes) taskResourceAssignments Map()
23/04/05 12:44:26 INFO TaskSetManager: Finished task 0.0 in stage 5.0 (TID 8) in 67 ms on exp-1-37.expanse.sdsc.edu (executor driver) (1/2)
23/04/05 12:44:26 INFO Executor: Running task 0.0 in stage 4.0 (TID 10)
23/04/05 12:44:26 INFO Executor: Finished task 1.0 in stage 5.0 (TID 9). 1476 bytes result sent to driver
23/04/05 12:44:26 INFO TaskSetManager: Starting task 1.0 in stage 4.0 (TID 11) (exp-1-37.expanse.sdsc.edu, executor driver, partition 1, NODE_LOCAL, 4477 bytes) taskResourceAssignments Map()
23/04/05 12:44:26 INFO Executor: Running task 1.0 in stage 4.0 (TID 11)
23/04/05 12:44:26 INFO TaskSetManager: Finished task 1.0 in stage 5.0 (TID 9) in 78 ms on exp-1-37.expanse.sdsc.edu (executor driver) (2/2)
23/04/05 12:44:26 INFO TaskSchedulerImpl: Removed TaskSet 5.0, whose tasks have all completed, from pool 
23/04/05 12:44:26 INFO DAGScheduler: ShuffleMapStage 5 (map at Partition.scala:23) finished in 0.112 s
23/04/05 12:44:26 INFO DAGScheduler: looking for newly runnable stages
23/04/05 12:44:26 INFO DAGScheduler: running: Set(ShuffleMapStage 4)
23/04/05 12:44:26 INFO DAGScheduler: waiting: Set(ShuffleMapStage 12, ShuffleMapStage 9, ResultStage 13, ShuffleMapStage 6, ShuffleMapStage 10, ShuffleMapStage 7, ShuffleMapStage 11, ShuffleMapStage 8)
23/04/05 12:44:26 INFO DAGScheduler: failed: Set()
23/04/05 12:44:26 INFO ShuffleBlockFetcherIterator: Getting 2 (360.0 B) non-empty blocks including 2 (360.0 B) local and 0 (0.0 B) host-local and 0 (0.0 B) push-merged-local and 0 (0.0 B) remote blocks
23/04/05 12:44:26 INFO ShuffleBlockFetcherIterator: Started 0 remote fetches in 0 ms
23/04/05 12:44:26 INFO ShuffleBlockFetcherIterator: Getting 1 (2.9 KiB) non-empty blocks including 1 (2.9 KiB) local and 0 (0.0 B) host-local and 0 (0.0 B) push-merged-local and 0 (0.0 B) remote blocks
23/04/05 12:44:26 INFO ShuffleBlockFetcherIterator: Started 0 remote fetches in 0 ms
23/04/05 12:44:26 INFO ShuffleBlockFetcherIterator: Getting 2 (378.0 B) non-empty blocks including 2 (378.0 B) local and 0 (0.0 B) host-local and 0 (0.0 B) push-merged-local and 0 (0.0 B) remote blocks
23/04/05 12:44:26 INFO ShuffleBlockFetcherIterator: Started 0 remote fetches in 4 ms
23/04/05 12:44:26 INFO ShuffleBlockFetcherIterator: Getting 1 (2.2 KiB) non-empty blocks including 1 (2.2 KiB) local and 0 (0.0 B) host-local and 0 (0.0 B) push-merged-local and 0 (0.0 B) remote blocks
23/04/05 12:44:26 INFO ShuffleBlockFetcherIterator: Started 0 remote fetches in 0 ms
23/04/05 12:44:26 INFO Executor: Finished task 1.0 in stage 4.0 (TID 11). 1476 bytes result sent to driver
23/04/05 12:44:26 INFO TaskSetManager: Finished task 1.0 in stage 4.0 (TID 11) in 43 ms on exp-1-37.expanse.sdsc.edu (executor driver) (1/2)
23/04/05 12:44:26 INFO Executor: Finished task 0.0 in stage 4.0 (TID 10). 1476 bytes result sent to driver
23/04/05 12:44:26 INFO TaskSetManager: Finished task 0.0 in stage 4.0 (TID 10) in 57 ms on exp-1-37.expanse.sdsc.edu (executor driver) (2/2)
23/04/05 12:44:26 INFO TaskSchedulerImpl: Removed TaskSet 4.0, whose tasks have all completed, from pool 
23/04/05 12:44:26 INFO DAGScheduler: ShuffleMapStage 4 (flatMap at Partition.scala:21) finished in 0.127 s
23/04/05 12:44:26 INFO DAGScheduler: looking for newly runnable stages
23/04/05 12:44:26 INFO DAGScheduler: running: Set()
23/04/05 12:44:26 INFO DAGScheduler: waiting: Set(ShuffleMapStage 12, ShuffleMapStage 9, ResultStage 13, ShuffleMapStage 6, ShuffleMapStage 10, ShuffleMapStage 7, ShuffleMapStage 11, ShuffleMapStage 8)
23/04/05 12:44:26 INFO DAGScheduler: failed: Set()
23/04/05 12:44:26 INFO DAGScheduler: Submitting ShuffleMapStage 6 (MapPartitionsRDD[26] at flatMap at Partition.scala:21), which has no missing parents
23/04/05 12:44:26 INFO MemoryStore: Block broadcast_7 stored as values in memory (estimated size 6.9 KiB, free 434.1 MiB)
23/04/05 12:44:26 INFO MemoryStore: Block broadcast_7_piece0 stored as bytes in memory (estimated size 3.8 KiB, free 434.1 MiB)
23/04/05 12:44:26 INFO BlockManagerInfo: Removed broadcast_2_piece0 on exp-1-37.expanse.sdsc.edu:35361 in memory (size: 4.2 KiB, free: 434.4 MiB)
23/04/05 12:44:26 INFO BlockManagerInfo: Added broadcast_7_piece0 in memory on exp-1-37.expanse.sdsc.edu:35361 (size: 3.8 KiB, free: 434.4 MiB)
23/04/05 12:44:26 INFO SparkContext: Created broadcast 7 from broadcast at DAGScheduler.scala:1478
23/04/05 12:44:26 INFO DAGScheduler: Submitting 2 missing tasks from ShuffleMapStage 6 (MapPartitionsRDD[26] at flatMap at Partition.scala:21) (first 15 tasks are for partitions Vector(0, 1))
23/04/05 12:44:26 INFO TaskSchedulerImpl: Adding task set 6.0 with 2 tasks resource profile 0
23/04/05 12:44:26 INFO DAGScheduler: Submitting ShuffleMapStage 7 (MapPartitionsRDD[28] at map at Partition.scala:23), which has no missing parents
23/04/05 12:44:26 INFO MemoryStore: Block broadcast_8 stored as values in memory (estimated size 6.8 KiB, free 434.1 MiB)
23/04/05 12:44:26 INFO MemoryStore: Block broadcast_8_piece0 stored as bytes in memory (estimated size 3.8 KiB, free 434.1 MiB)
23/04/05 12:44:26 INFO BlockManagerInfo: Added broadcast_8_piece0 in memory on exp-1-37.expanse.sdsc.edu:35361 (size: 3.8 KiB, free: 434.3 MiB)
23/04/05 12:44:26 INFO TaskSetManager: Starting task 0.0 in stage 6.0 (TID 12) (exp-1-37.expanse.sdsc.edu, executor driver, partition 0, NODE_LOCAL, 4477 bytes) taskResourceAssignments Map()
23/04/05 12:44:26 INFO SparkContext: Created broadcast 8 from broadcast at DAGScheduler.scala:1478
23/04/05 12:44:26 INFO TaskSetManager: Starting task 1.0 in stage 6.0 (TID 13) (exp-1-37.expanse.sdsc.edu, executor driver, partition 1, NODE_LOCAL, 4477 bytes) taskResourceAssignments Map()
23/04/05 12:44:26 INFO DAGScheduler: Submitting 2 missing tasks from ShuffleMapStage 7 (MapPartitionsRDD[28] at map at Partition.scala:23) (first 15 tasks are for partitions Vector(0, 1))
23/04/05 12:44:26 INFO TaskSchedulerImpl: Adding task set 7.0 with 2 tasks resource profile 0
23/04/05 12:44:26 INFO Executor: Running task 0.0 in stage 6.0 (TID 12)
23/04/05 12:44:26 INFO ShuffleBlockFetcherIterator: Getting 2 (378.0 B) non-empty blocks including 2 (378.0 B) local and 0 (0.0 B) host-local and 0 (0.0 B) push-merged-local and 0 (0.0 B) remote blocks
23/04/05 12:44:26 INFO ShuffleBlockFetcherIterator: Started 0 remote fetches in 0 ms
23/04/05 12:44:26 INFO Executor: Running task 1.0 in stage 6.0 (TID 13)
23/04/05 12:44:26 INFO ShuffleBlockFetcherIterator: Getting 1 (2.9 KiB) non-empty blocks including 1 (2.9 KiB) local and 0 (0.0 B) host-local and 0 (0.0 B) push-merged-local and 0 (0.0 B) remote blocks
23/04/05 12:44:26 INFO ShuffleBlockFetcherIterator: Started 0 remote fetches in 0 ms
23/04/05 12:44:26 INFO ShuffleBlockFetcherIterator: Getting 2 (378.0 B) non-empty blocks including 2 (378.0 B) local and 0 (0.0 B) host-local and 0 (0.0 B) push-merged-local and 0 (0.0 B) remote blocks
23/04/05 12:44:26 INFO ShuffleBlockFetcherIterator: Started 0 remote fetches in 0 ms
23/04/05 12:44:26 INFO Executor: Finished task 0.0 in stage 6.0 (TID 12). 1476 bytes result sent to driver
23/04/05 12:44:26 INFO TaskSetManager: Starting task 0.0 in stage 7.0 (TID 14) (exp-1-37.expanse.sdsc.edu, executor driver, partition 0, NODE_LOCAL, 4477 bytes) taskResourceAssignments Map()
23/04/05 12:44:26 INFO Executor: Running task 0.0 in stage 7.0 (TID 14)
23/04/05 12:44:26 INFO TaskSetManager: Finished task 0.0 in stage 6.0 (TID 12) in 23 ms on exp-1-37.expanse.sdsc.edu (executor driver) (1/2)
23/04/05 12:44:26 INFO ShuffleBlockFetcherIterator: Getting 2 (378.0 B) non-empty blocks including 2 (378.0 B) local and 0 (0.0 B) host-local and 0 (0.0 B) push-merged-local and 0 (0.0 B) remote blocks
23/04/05 12:44:26 INFO ShuffleBlockFetcherIterator: Started 0 remote fetches in 0 ms
23/04/05 12:44:26 INFO ShuffleBlockFetcherIterator: Getting 1 (2.9 KiB) non-empty blocks including 1 (2.9 KiB) local and 0 (0.0 B) host-local and 0 (0.0 B) push-merged-local and 0 (0.0 B) remote blocks
23/04/05 12:44:26 INFO ShuffleBlockFetcherIterator: Started 0 remote fetches in 0 ms
23/04/05 12:44:26 INFO Executor: Finished task 0.0 in stage 7.0 (TID 14). 1476 bytes result sent to driver
23/04/05 12:44:26 INFO TaskSetManager: Starting task 1.0 in stage 7.0 (TID 15) (exp-1-37.expanse.sdsc.edu, executor driver, partition 1, NODE_LOCAL, 4477 bytes) taskResourceAssignments Map()
23/04/05 12:44:26 INFO TaskSetManager: Finished task 0.0 in stage 7.0 (TID 14) in 27 ms on exp-1-37.expanse.sdsc.edu (executor driver) (1/2)
23/04/05 12:44:26 INFO Executor: Running task 1.0 in stage 7.0 (TID 15)
23/04/05 12:44:26 INFO ShuffleBlockFetcherIterator: Getting 1 (2.2 KiB) non-empty blocks including 1 (2.2 KiB) local and 0 (0.0 B) host-local and 0 (0.0 B) push-merged-local and 0 (0.0 B) remote blocks
23/04/05 12:44:26 INFO ShuffleBlockFetcherIterator: Started 0 remote fetches in 18 ms
23/04/05 12:44:26 INFO Executor: Finished task 1.0 in stage 6.0 (TID 13). 1476 bytes result sent to driver
23/04/05 12:44:26 INFO TaskSetManager: Finished task 1.0 in stage 6.0 (TID 13) in 70 ms on exp-1-37.expanse.sdsc.edu (executor driver) (2/2)
23/04/05 12:44:26 INFO TaskSchedulerImpl: Removed TaskSet 6.0, whose tasks have all completed, from pool 
23/04/05 12:44:26 INFO DAGScheduler: ShuffleMapStage 6 (flatMap at Partition.scala:21) finished in 0.111 s
23/04/05 12:44:26 INFO DAGScheduler: looking for newly runnable stages
23/04/05 12:44:26 INFO DAGScheduler: running: Set(ShuffleMapStage 7)
23/04/05 12:44:26 INFO DAGScheduler: waiting: Set(ShuffleMapStage 12, ShuffleMapStage 9, ResultStage 13, ShuffleMapStage 10, ShuffleMapStage 11, ShuffleMapStage 8)
23/04/05 12:44:26 INFO DAGScheduler: failed: Set()
23/04/05 12:44:26 INFO ShuffleBlockFetcherIterator: Getting 2 (378.0 B) non-empty blocks including 2 (378.0 B) local and 0 (0.0 B) host-local and 0 (0.0 B) push-merged-local and 0 (0.0 B) remote blocks
23/04/05 12:44:26 INFO ShuffleBlockFetcherIterator: Started 0 remote fetches in 0 ms
23/04/05 12:44:26 INFO BlockManagerInfo: Removed broadcast_4_piece0 on exp-1-37.expanse.sdsc.edu:35361 in memory (size: 3.8 KiB, free: 434.4 MiB)
23/04/05 12:44:26 INFO ShuffleBlockFetcherIterator: Getting 1 (2.2 KiB) non-empty blocks including 1 (2.2 KiB) local and 0 (0.0 B) host-local and 0 (0.0 B) push-merged-local and 0 (0.0 B) remote blocks
23/04/05 12:44:26 INFO ShuffleBlockFetcherIterator: Started 0 remote fetches in 0 ms
23/04/05 12:44:26 INFO Executor: Finished task 1.0 in stage 7.0 (TID 15). 1476 bytes result sent to driver
23/04/05 12:44:26 INFO TaskSetManager: Finished task 1.0 in stage 7.0 (TID 15) in 38 ms on exp-1-37.expanse.sdsc.edu (executor driver) (2/2)
23/04/05 12:44:26 INFO TaskSchedulerImpl: Removed TaskSet 7.0, whose tasks have all completed, from pool 
23/04/05 12:44:26 INFO DAGScheduler: ShuffleMapStage 7 (map at Partition.scala:23) finished in 0.091 s
23/04/05 12:44:26 INFO DAGScheduler: looking for newly runnable stages
23/04/05 12:44:26 INFO DAGScheduler: running: Set()
23/04/05 12:44:26 INFO DAGScheduler: waiting: Set(ShuffleMapStage 12, ShuffleMapStage 9, ResultStage 13, ShuffleMapStage 10, ShuffleMapStage 11, ShuffleMapStage 8)
23/04/05 12:44:26 INFO DAGScheduler: failed: Set()
23/04/05 12:44:26 INFO DAGScheduler: Submitting ShuffleMapStage 9 (MapPartitionsRDD[35] at map at Partition.scala:23), which has no missing parents
23/04/05 12:44:26 INFO MemoryStore: Block broadcast_9 stored as values in memory (estimated size 6.8 KiB, free 434.1 MiB)
23/04/05 12:44:26 INFO MemoryStore: Block broadcast_9_piece0 stored as bytes in memory (estimated size 3.8 KiB, free 434.1 MiB)
23/04/05 12:44:26 INFO BlockManagerInfo: Added broadcast_9_piece0 in memory on exp-1-37.expanse.sdsc.edu:35361 (size: 3.8 KiB, free: 434.3 MiB)
23/04/05 12:44:26 INFO SparkContext: Created broadcast 9 from broadcast at DAGScheduler.scala:1478
23/04/05 12:44:26 INFO DAGScheduler: Submitting 2 missing tasks from ShuffleMapStage 9 (MapPartitionsRDD[35] at map at Partition.scala:23) (first 15 tasks are for partitions Vector(0, 1))
23/04/05 12:44:26 INFO TaskSchedulerImpl: Adding task set 9.0 with 2 tasks resource profile 0
23/04/05 12:44:26 INFO TaskSetManager: Starting task 0.0 in stage 9.0 (TID 16) (exp-1-37.expanse.sdsc.edu, executor driver, partition 0, NODE_LOCAL, 4477 bytes) taskResourceAssignments Map()
23/04/05 12:44:26 INFO TaskSetManager: Starting task 1.0 in stage 9.0 (TID 17) (exp-1-37.expanse.sdsc.edu, executor driver, partition 1, NODE_LOCAL, 4477 bytes) taskResourceAssignments Map()
23/04/05 12:44:26 INFO Executor: Running task 1.0 in stage 9.0 (TID 17)
23/04/05 12:44:26 INFO ShuffleBlockFetcherIterator: Getting 2 (378.0 B) non-empty blocks including 2 (378.0 B) local and 0 (0.0 B) host-local and 0 (0.0 B) push-merged-local and 0 (0.0 B) remote blocks
23/04/05 12:44:26 INFO ShuffleBlockFetcherIterator: Started 0 remote fetches in 0 ms
23/04/05 12:44:26 INFO DAGScheduler: Submitting ShuffleMapStage 8 (MapPartitionsRDD[33] at flatMap at Partition.scala:21), which has no missing parents
23/04/05 12:44:26 INFO MemoryStore: Block broadcast_10 stored as values in memory (estimated size 6.9 KiB, free 434.1 MiB)
23/04/05 12:44:26 INFO MemoryStore: Block broadcast_10_piece0 stored as bytes in memory (estimated size 3.8 KiB, free 434.1 MiB)
23/04/05 12:44:26 INFO Executor: Running task 0.0 in stage 9.0 (TID 16)
23/04/05 12:44:26 INFO BlockManagerInfo: Added broadcast_10_piece0 in memory on exp-1-37.expanse.sdsc.edu:35361 (size: 3.8 KiB, free: 434.3 MiB)
23/04/05 12:44:26 INFO ShuffleBlockFetcherIterator: Getting 1 (2.2 KiB) non-empty blocks including 1 (2.2 KiB) local and 0 (0.0 B) host-local and 0 (0.0 B) push-merged-local and 0 (0.0 B) remote blocks
23/04/05 12:44:26 INFO ShuffleBlockFetcherIterator: Started 0 remote fetches in 1 ms
23/04/05 12:44:26 INFO ShuffleBlockFetcherIterator: Getting 2 (378.0 B) non-empty blocks including 2 (378.0 B) local and 0 (0.0 B) host-local and 0 (0.0 B) push-merged-local and 0 (0.0 B) remote blocks
23/04/05 12:44:26 INFO ShuffleBlockFetcherIterator: Started 0 remote fetches in 0 ms
23/04/05 12:44:26 INFO Executor: Finished task 1.0 in stage 9.0 (TID 17). 1476 bytes result sent to driver
23/04/05 12:44:26 INFO TaskSetManager: Finished task 1.0 in stage 9.0 (TID 17) in 16 ms on exp-1-37.expanse.sdsc.edu (executor driver) (1/2)
23/04/05 12:44:26 INFO ShuffleBlockFetcherIterator: Getting 1 (2.9 KiB) non-empty blocks including 1 (2.9 KiB) local and 0 (0.0 B) host-local and 0 (0.0 B) push-merged-local and 0 (0.0 B) remote blocks
23/04/05 12:44:26 INFO ShuffleBlockFetcherIterator: Started 0 remote fetches in 0 ms
23/04/05 12:44:26 INFO SparkContext: Created broadcast 10 from broadcast at DAGScheduler.scala:1478
23/04/05 12:44:26 INFO DAGScheduler: Submitting 2 missing tasks from ShuffleMapStage 8 (MapPartitionsRDD[33] at flatMap at Partition.scala:21) (first 15 tasks are for partitions Vector(0, 1))
23/04/05 12:44:26 INFO TaskSchedulerImpl: Adding task set 8.0 with 2 tasks resource profile 0
23/04/05 12:44:26 INFO Executor: Finished task 0.0 in stage 9.0 (TID 16). 1476 bytes result sent to driver
23/04/05 12:44:26 INFO TaskSetManager: Starting task 0.0 in stage 8.0 (TID 18) (exp-1-37.expanse.sdsc.edu, executor driver, partition 0, NODE_LOCAL, 4477 bytes) taskResourceAssignments Map()
23/04/05 12:44:26 INFO BlockManagerInfo: Removed broadcast_5_piece0 on exp-1-37.expanse.sdsc.edu:35361 in memory (size: 3.8 KiB, free: 434.3 MiB)
23/04/05 12:44:26 INFO TaskSetManager: Starting task 1.0 in stage 8.0 (TID 19) (exp-1-37.expanse.sdsc.edu, executor driver, partition 1, NODE_LOCAL, 4477 bytes) taskResourceAssignments Map()
23/04/05 12:44:26 INFO Executor: Running task 1.0 in stage 8.0 (TID 19)
23/04/05 12:44:26 INFO TaskSetManager: Finished task 0.0 in stage 9.0 (TID 16) in 27 ms on exp-1-37.expanse.sdsc.edu (executor driver) (2/2)
23/04/05 12:44:26 INFO TaskSchedulerImpl: Removed TaskSet 9.0, whose tasks have all completed, from pool 
23/04/05 12:44:26 INFO Executor: Running task 0.0 in stage 8.0 (TID 18)
23/04/05 12:44:26 INFO ShuffleBlockFetcherIterator: Getting 2 (378.0 B) non-empty blocks including 2 (378.0 B) local and 0 (0.0 B) host-local and 0 (0.0 B) push-merged-local and 0 (0.0 B) remote blocks
23/04/05 12:44:26 INFO ShuffleBlockFetcherIterator: Started 0 remote fetches in 0 ms
23/04/05 12:44:26 INFO ShuffleBlockFetcherIterator: Getting 1 (2.9 KiB) non-empty blocks including 1 (2.9 KiB) local and 0 (0.0 B) host-local and 0 (0.0 B) push-merged-local and 0 (0.0 B) remote blocks
23/04/05 12:44:26 INFO DAGScheduler: ShuffleMapStage 9 (map at Partition.scala:23) finished in 0.044 s
23/04/05 12:44:26 INFO DAGScheduler: looking for newly runnable stages
23/04/05 12:44:26 INFO DAGScheduler: running: Set(ShuffleMapStage 8)
23/04/05 12:44:26 INFO DAGScheduler: waiting: Set(ShuffleMapStage 12, ResultStage 13, ShuffleMapStage 10, ShuffleMapStage 11)
23/04/05 12:44:26 INFO DAGScheduler: failed: Set()
23/04/05 12:44:26 INFO ShuffleBlockFetcherIterator: Started 0 remote fetches in 2 ms
23/04/05 12:44:26 INFO Executor: Finished task 0.0 in stage 8.0 (TID 18). 1476 bytes result sent to driver
23/04/05 12:44:26 INFO TaskSetManager: Finished task 0.0 in stage 8.0 (TID 18) in 19 ms on exp-1-37.expanse.sdsc.edu (executor driver) (1/2)
23/04/05 12:44:26 INFO ShuffleBlockFetcherIterator: Getting 2 (378.0 B) non-empty blocks including 2 (378.0 B) local and 0 (0.0 B) host-local and 0 (0.0 B) push-merged-local and 0 (0.0 B) remote blocks
23/04/05 12:44:26 INFO ShuffleBlockFetcherIterator: Started 0 remote fetches in 0 ms
23/04/05 12:44:26 INFO ShuffleBlockFetcherIterator: Getting 1 (2.2 KiB) non-empty blocks including 1 (2.2 KiB) local and 0 (0.0 B) host-local and 0 (0.0 B) push-merged-local and 0 (0.0 B) remote blocks
23/04/05 12:44:26 INFO ShuffleBlockFetcherIterator: Started 0 remote fetches in 0 ms
23/04/05 12:44:26 INFO Executor: Finished task 1.0 in stage 8.0 (TID 19). 1476 bytes result sent to driver
23/04/05 12:44:26 INFO TaskSetManager: Finished task 1.0 in stage 8.0 (TID 19) in 36 ms on exp-1-37.expanse.sdsc.edu (executor driver) (2/2)
23/04/05 12:44:26 INFO TaskSchedulerImpl: Removed TaskSet 8.0, whose tasks have all completed, from pool 
23/04/05 12:44:26 INFO DAGScheduler: ShuffleMapStage 8 (flatMap at Partition.scala:21) finished in 0.055 s
23/04/05 12:44:26 INFO DAGScheduler: looking for newly runnable stages
23/04/05 12:44:26 INFO DAGScheduler: running: Set()
23/04/05 12:44:26 INFO DAGScheduler: waiting: Set(ShuffleMapStage 12, ResultStage 13, ShuffleMapStage 10, ShuffleMapStage 11)
23/04/05 12:44:26 INFO DAGScheduler: failed: Set()
23/04/05 12:44:26 INFO DAGScheduler: Submitting ShuffleMapStage 10 (MapPartitionsRDD[42] at map at Partition.scala:23), which has no missing parents
23/04/05 12:44:26 INFO MemoryStore: Block broadcast_11 stored as values in memory (estimated size 6.8 KiB, free 434.1 MiB)
23/04/05 12:44:26 INFO MemoryStore: Block broadcast_11_piece0 stored as bytes in memory (estimated size 3.8 KiB, free 434.1 MiB)
23/04/05 12:44:26 INFO BlockManagerInfo: Added broadcast_11_piece0 in memory on exp-1-37.expanse.sdsc.edu:35361 (size: 3.8 KiB, free: 434.3 MiB)
23/04/05 12:44:26 INFO SparkContext: Created broadcast 11 from broadcast at DAGScheduler.scala:1478
23/04/05 12:44:27 INFO DAGScheduler: Submitting 2 missing tasks from ShuffleMapStage 10 (MapPartitionsRDD[42] at map at Partition.scala:23) (first 15 tasks are for partitions Vector(0, 1))
23/04/05 12:44:27 INFO TaskSchedulerImpl: Adding task set 10.0 with 2 tasks resource profile 0
23/04/05 12:44:27 INFO DAGScheduler: Submitting ShuffleMapStage 11 (MapPartitionsRDD[40] at flatMap at Partition.scala:21), which has no missing parents
23/04/05 12:44:27 INFO TaskSetManager: Starting task 0.0 in stage 10.0 (TID 20) (exp-1-37.expanse.sdsc.edu, executor driver, partition 0, NODE_LOCAL, 4477 bytes) taskResourceAssignments Map()
23/04/05 12:44:27 INFO TaskSetManager: Starting task 1.0 in stage 10.0 (TID 21) (exp-1-37.expanse.sdsc.edu, executor driver, partition 1, NODE_LOCAL, 4477 bytes) taskResourceAssignments Map()
23/04/05 12:44:27 INFO Executor: Running task 0.0 in stage 10.0 (TID 20)
23/04/05 12:44:27 INFO ShuffleBlockFetcherIterator: Getting 2 (378.0 B) non-empty blocks including 2 (378.0 B) local and 0 (0.0 B) host-local and 0 (0.0 B) push-merged-local and 0 (0.0 B) remote blocks
23/04/05 12:44:27 INFO ShuffleBlockFetcherIterator: Started 0 remote fetches in 0 ms
23/04/05 12:44:27 INFO Executor: Running task 1.0 in stage 10.0 (TID 21)
23/04/05 12:44:27 INFO MemoryStore: Block broadcast_12 stored as values in memory (estimated size 6.9 KiB, free 434.1 MiB)
23/04/05 12:44:27 INFO MemoryStore: Block broadcast_12_piece0 stored as bytes in memory (estimated size 3.8 KiB, free 434.1 MiB)
23/04/05 12:44:27 INFO BlockManagerInfo: Added broadcast_12_piece0 in memory on exp-1-37.expanse.sdsc.edu:35361 (size: 3.8 KiB, free: 434.3 MiB)
23/04/05 12:44:27 INFO SparkContext: Created broadcast 12 from broadcast at DAGScheduler.scala:1478
23/04/05 12:44:27 INFO DAGScheduler: Submitting 2 missing tasks from ShuffleMapStage 11 (MapPartitionsRDD[40] at flatMap at Partition.scala:21) (first 15 tasks are for partitions Vector(0, 1))
23/04/05 12:44:27 INFO TaskSchedulerImpl: Adding task set 11.0 with 2 tasks resource profile 0
23/04/05 12:44:27 INFO ShuffleBlockFetcherIterator: Getting 1 (2.9 KiB) non-empty blocks including 1 (2.9 KiB) local and 0 (0.0 B) host-local and 0 (0.0 B) push-merged-local and 0 (0.0 B) remote blocks
23/04/05 12:44:27 INFO ShuffleBlockFetcherIterator: Started 0 remote fetches in 0 ms
23/04/05 12:44:27 INFO Executor: Finished task 0.0 in stage 10.0 (TID 20). 1476 bytes result sent to driver
23/04/05 12:44:27 INFO TaskSetManager: Starting task 0.0 in stage 11.0 (TID 22) (exp-1-37.expanse.sdsc.edu, executor driver, partition 0, NODE_LOCAL, 4477 bytes) taskResourceAssignments Map()
23/04/05 12:44:27 INFO TaskSetManager: Finished task 0.0 in stage 10.0 (TID 20) in 19 ms on exp-1-37.expanse.sdsc.edu (executor driver) (1/2)
23/04/05 12:44:27 INFO Executor: Running task 0.0 in stage 11.0 (TID 22)
23/04/05 12:44:27 INFO ShuffleBlockFetcherIterator: Getting 2 (378.0 B) non-empty blocks including 2 (378.0 B) local and 0 (0.0 B) host-local and 0 (0.0 B) push-merged-local and 0 (0.0 B) remote blocks
23/04/05 12:44:27 INFO ShuffleBlockFetcherIterator: Started 0 remote fetches in 0 ms
23/04/05 12:44:27 INFO ShuffleBlockFetcherIterator: Getting 1 (2.9 KiB) non-empty blocks including 1 (2.9 KiB) local and 0 (0.0 B) host-local and 0 (0.0 B) push-merged-local and 0 (0.0 B) remote blocks
23/04/05 12:44:27 INFO ShuffleBlockFetcherIterator: Started 0 remote fetches in 0 ms
23/04/05 12:44:27 INFO BlockManagerInfo: Removed broadcast_6_piece0 on exp-1-37.expanse.sdsc.edu:35361 in memory (size: 3.8 KiB, free: 434.3 MiB)
23/04/05 12:44:27 INFO ShuffleBlockFetcherIterator: Getting 2 (378.0 B) non-empty blocks including 2 (378.0 B) local and 0 (0.0 B) host-local and 0 (0.0 B) push-merged-local and 0 (0.0 B) remote blocks
23/04/05 12:44:27 INFO ShuffleBlockFetcherIterator: Started 0 remote fetches in 0 ms
23/04/05 12:44:27 INFO ShuffleBlockFetcherIterator: Getting 1 (2.2 KiB) non-empty blocks including 1 (2.2 KiB) local and 0 (0.0 B) host-local and 0 (0.0 B) push-merged-local and 0 (0.0 B) remote blocks
23/04/05 12:44:27 INFO ShuffleBlockFetcherIterator: Started 0 remote fetches in 0 ms
23/04/05 12:44:27 INFO Executor: Finished task 1.0 in stage 10.0 (TID 21). 1476 bytes result sent to driver
23/04/05 12:44:27 INFO TaskSetManager: Starting task 1.0 in stage 11.0 (TID 23) (exp-1-37.expanse.sdsc.edu, executor driver, partition 1, NODE_LOCAL, 4477 bytes) taskResourceAssignments Map()
23/04/05 12:44:27 INFO TaskSetManager: Finished task 1.0 in stage 10.0 (TID 21) in 40 ms on exp-1-37.expanse.sdsc.edu (executor driver) (2/2)
23/04/05 12:44:27 INFO TaskSchedulerImpl: Removed TaskSet 10.0, whose tasks have all completed, from pool 
23/04/05 12:44:27 INFO DAGScheduler: ShuffleMapStage 10 (map at Partition.scala:23) finished in 0.090 s
23/04/05 12:44:27 INFO DAGScheduler: looking for newly runnable stages
23/04/05 12:44:27 INFO DAGScheduler: running: Set(ShuffleMapStage 11)
23/04/05 12:44:27 INFO DAGScheduler: waiting: Set(ShuffleMapStage 12, ResultStage 13)
23/04/05 12:44:27 INFO DAGScheduler: failed: Set()
23/04/05 12:44:27 INFO Executor: Running task 1.0 in stage 11.0 (TID 23)
23/04/05 12:44:27 INFO ShuffleBlockFetcherIterator: Getting 2 (378.0 B) non-empty blocks including 2 (378.0 B) local and 0 (0.0 B) host-local and 0 (0.0 B) push-merged-local and 0 (0.0 B) remote blocks
23/04/05 12:44:27 INFO ShuffleBlockFetcherIterator: Started 0 remote fetches in 0 ms
23/04/05 12:44:27 INFO ShuffleBlockFetcherIterator: Getting 1 (2.2 KiB) non-empty blocks including 1 (2.2 KiB) local and 0 (0.0 B) host-local and 0 (0.0 B) push-merged-local and 0 (0.0 B) remote blocks
23/04/05 12:44:27 INFO ShuffleBlockFetcherIterator: Started 0 remote fetches in 0 ms
23/04/05 12:44:27 INFO Executor: Finished task 0.0 in stage 11.0 (TID 22). 1476 bytes result sent to driver
23/04/05 12:44:27 INFO TaskSetManager: Finished task 0.0 in stage 11.0 (TID 22) in 45 ms on exp-1-37.expanse.sdsc.edu (executor driver) (1/2)
23/04/05 12:44:27 INFO Executor: Finished task 1.0 in stage 11.0 (TID 23). 1476 bytes result sent to driver
23/04/05 12:44:27 INFO TaskSetManager: Finished task 1.0 in stage 11.0 (TID 23) in 29 ms on exp-1-37.expanse.sdsc.edu (executor driver) (2/2)
23/04/05 12:44:27 INFO TaskSchedulerImpl: Removed TaskSet 11.0, whose tasks have all completed, from pool 
23/04/05 12:44:27 INFO DAGScheduler: ShuffleMapStage 11 (flatMap at Partition.scala:21) finished in 0.062 s
23/04/05 12:44:27 INFO DAGScheduler: looking for newly runnable stages
23/04/05 12:44:27 INFO DAGScheduler: running: Set()
23/04/05 12:44:27 INFO DAGScheduler: waiting: Set(ShuffleMapStage 12, ResultStage 13)
23/04/05 12:44:27 INFO DAGScheduler: failed: Set()
23/04/05 12:44:27 INFO DAGScheduler: Submitting ShuffleMapStage 12 (MapPartitionsRDD[47] at map at Partition.scala:26), which has no missing parents
23/04/05 12:44:27 INFO MemoryStore: Block broadcast_13 stored as values in memory (estimated size 6.9 KiB, free 434.1 MiB)
23/04/05 12:44:27 INFO MemoryStore: Block broadcast_13_piece0 stored as bytes in memory (estimated size 3.8 KiB, free 434.1 MiB)
23/04/05 12:44:27 INFO BlockManagerInfo: Added broadcast_13_piece0 in memory on exp-1-37.expanse.sdsc.edu:35361 (size: 3.8 KiB, free: 434.3 MiB)
23/04/05 12:44:27 INFO SparkContext: Created broadcast 13 from broadcast at DAGScheduler.scala:1478
23/04/05 12:44:27 INFO DAGScheduler: Submitting 2 missing tasks from ShuffleMapStage 12 (MapPartitionsRDD[47] at map at Partition.scala:26) (first 15 tasks are for partitions Vector(0, 1))
23/04/05 12:44:27 INFO TaskSchedulerImpl: Adding task set 12.0 with 2 tasks resource profile 0
23/04/05 12:44:27 INFO TaskSetManager: Starting task 0.0 in stage 12.0 (TID 24) (exp-1-37.expanse.sdsc.edu, executor driver, partition 0, NODE_LOCAL, 4477 bytes) taskResourceAssignments Map()
23/04/05 12:44:27 INFO TaskSetManager: Starting task 1.0 in stage 12.0 (TID 25) (exp-1-37.expanse.sdsc.edu, executor driver, partition 1, NODE_LOCAL, 4477 bytes) taskResourceAssignments Map()
23/04/05 12:44:27 INFO Executor: Running task 0.0 in stage 12.0 (TID 24)
23/04/05 12:44:27 INFO ShuffleBlockFetcherIterator: Getting 2 (378.0 B) non-empty blocks including 2 (378.0 B) local and 0 (0.0 B) host-local and 0 (0.0 B) push-merged-local and 0 (0.0 B) remote blocks
23/04/05 12:44:27 INFO ShuffleBlockFetcherIterator: Started 0 remote fetches in 0 ms
23/04/05 12:44:27 INFO ShuffleBlockFetcherIterator: Getting 1 (2.9 KiB) non-empty blocks including 1 (2.9 KiB) local and 0 (0.0 B) host-local and 0 (0.0 B) push-merged-local and 0 (0.0 B) remote blocks
23/04/05 12:44:27 INFO ShuffleBlockFetcherIterator: Started 0 remote fetches in 0 ms
23/04/05 12:44:27 INFO Executor: Running task 1.0 in stage 12.0 (TID 25)
23/04/05 12:44:27 INFO Executor: Finished task 0.0 in stage 12.0 (TID 24). 1476 bytes result sent to driver
23/04/05 12:44:27 INFO TaskSetManager: Finished task 0.0 in stage 12.0 (TID 24) in 14 ms on exp-1-37.expanse.sdsc.edu (executor driver) (1/2)
23/04/05 12:44:27 INFO ShuffleBlockFetcherIterator: Getting 2 (378.0 B) non-empty blocks including 2 (378.0 B) local and 0 (0.0 B) host-local and 0 (0.0 B) push-merged-local and 0 (0.0 B) remote blocks
23/04/05 12:44:27 INFO ShuffleBlockFetcherIterator: Started 0 remote fetches in 0 ms
23/04/05 12:44:27 INFO ShuffleBlockFetcherIterator: Getting 1 (2.2 KiB) non-empty blocks including 1 (2.2 KiB) local and 0 (0.0 B) host-local and 0 (0.0 B) push-merged-local and 0 (0.0 B) remote blocks
23/04/05 12:44:27 INFO ShuffleBlockFetcherIterator: Started 0 remote fetches in 0 ms
23/04/05 12:44:27 INFO Executor: Finished task 1.0 in stage 12.0 (TID 25). 1476 bytes result sent to driver
23/04/05 12:44:27 INFO TaskSetManager: Finished task 1.0 in stage 12.0 (TID 25) in 35 ms on exp-1-37.expanse.sdsc.edu (executor driver) (2/2)
23/04/05 12:44:27 INFO TaskSchedulerImpl: Removed TaskSet 12.0, whose tasks have all completed, from pool 
23/04/05 12:44:27 INFO DAGScheduler: ShuffleMapStage 12 (map at Partition.scala:26) finished in 0.041 s
23/04/05 12:44:27 INFO DAGScheduler: looking for newly runnable stages
23/04/05 12:44:27 INFO DAGScheduler: running: Set()
23/04/05 12:44:27 INFO DAGScheduler: waiting: Set(ResultStage 13)
23/04/05 12:44:27 INFO DAGScheduler: failed: Set()
23/04/05 12:44:27 INFO DAGScheduler: Submitting ResultStage 13 (ShuffledRDD[48] at reduceByKey at Partition.scala:26), which has no missing parents
23/04/05 12:44:27 INFO MemoryStore: Block broadcast_14 stored as values in memory (estimated size 5.2 KiB, free 434.1 MiB)
23/04/05 12:44:27 INFO MemoryStore: Block broadcast_14_piece0 stored as bytes in memory (estimated size 3.0 KiB, free 434.1 MiB)
23/04/05 12:44:27 INFO BlockManagerInfo: Added broadcast_14_piece0 in memory on exp-1-37.expanse.sdsc.edu:35361 (size: 3.0 KiB, free: 434.3 MiB)
23/04/05 12:44:27 INFO SparkContext: Created broadcast 14 from broadcast at DAGScheduler.scala:1478
23/04/05 12:44:27 INFO DAGScheduler: Submitting 2 missing tasks from ResultStage 13 (ShuffledRDD[48] at reduceByKey at Partition.scala:26) (first 15 tasks are for partitions Vector(0, 1))
23/04/05 12:44:27 INFO TaskSchedulerImpl: Adding task set 13.0 with 2 tasks resource profile 0
23/04/05 12:44:27 INFO TaskSetManager: Starting task 0.0 in stage 13.0 (TID 26) (exp-1-37.expanse.sdsc.edu, executor driver, partition 0, NODE_LOCAL, 4271 bytes) taskResourceAssignments Map()
23/04/05 12:44:27 INFO TaskSetManager: Starting task 1.0 in stage 13.0 (TID 27) (exp-1-37.expanse.sdsc.edu, executor driver, partition 1, NODE_LOCAL, 4271 bytes) taskResourceAssignments Map()
23/04/05 12:44:27 INFO Executor: Running task 1.0 in stage 13.0 (TID 27)
23/04/05 12:44:27 INFO Executor: Running task 0.0 in stage 13.0 (TID 26)
23/04/05 12:44:27 INFO ShuffleBlockFetcherIterator: Getting 2 (138.0 B) non-empty blocks including 2 (138.0 B) local and 0 (0.0 B) host-local and 0 (0.0 B) push-merged-local and 0 (0.0 B) remote blocks
23/04/05 12:44:27 INFO ShuffleBlockFetcherIterator: Started 0 remote fetches in 0 ms
23/04/05 12:44:27 INFO ShuffleBlockFetcherIterator: Getting 2 (138.0 B) non-empty blocks including 2 (138.0 B) local and 0 (0.0 B) host-local and 0 (0.0 B) push-merged-local and 0 (0.0 B) remote blocks
23/04/05 12:44:27 INFO ShuffleBlockFetcherIterator: Started 0 remote fetches in 0 ms
23/04/05 12:44:27 INFO Executor: Finished task 1.0 in stage 13.0 (TID 27). 1574 bytes result sent to driver
23/04/05 12:44:27 INFO TaskSetManager: Finished task 1.0 in stage 13.0 (TID 27) in 15 ms on exp-1-37.expanse.sdsc.edu (executor driver) (1/2)
23/04/05 12:44:27 INFO Executor: Finished task 0.0 in stage 13.0 (TID 26). 1574 bytes result sent to driver
23/04/05 12:44:27 INFO TaskSetManager: Finished task 0.0 in stage 13.0 (TID 26) in 17 ms on exp-1-37.expanse.sdsc.edu (executor driver) (2/2)
23/04/05 12:44:27 INFO TaskSchedulerImpl: Removed TaskSet 13.0, whose tasks have all completed, from pool 
23/04/05 12:44:27 INFO DAGScheduler: ResultStage 13 (collect at Partition.scala:26) finished in 0.023 s
23/04/05 12:44:27 INFO DAGScheduler: Job 0 is finished. Cancelling potential speculative or zombie tasks for this job
23/04/05 12:44:27 INFO TaskSchedulerImpl: Killing all running tasks in stage 13: Stage finished
23/04/05 12:44:27 INFO BlockManagerInfo: Removed broadcast_9_piece0 on exp-1-37.expanse.sdsc.edu:35361 in memory (size: 3.8 KiB, free: 434.3 MiB)
23/04/05 12:44:27 INFO DAGScheduler: Job 0 finished: collect at Partition.scala:26, took 1.679990 s
(100,7)
(82,4)
(118,12)
(90,2)
(88,7)
(101,7)
(105,7)
(125,15)
(69,2)
(67,1)
23/04/05 12:44:27 INFO BlockManagerInfo: Removed broadcast_7_piece0 on exp-1-37.expanse.sdsc.edu:35361 in memory (size: 3.8 KiB, free: 434.3 MiB)
23/04/05 12:44:27 INFO SparkContext: Invoking stop() from shutdown hook
23/04/05 12:44:27 INFO SparkUI: Stopped Spark web UI at http://exp-1-37.expanse.sdsc.edu:4040
23/04/05 12:44:27 INFO BlockManagerInfo: Removed broadcast_8_piece0 on exp-1-37.expanse.sdsc.edu:35361 in memory (size: 3.8 KiB, free: 434.3 MiB)
23/04/05 12:44:27 INFO MapOutputTrackerMasterEndpoint: MapOutputTrackerMasterEndpoint stopped!
23/04/05 12:44:27 INFO MemoryStore: MemoryStore cleared
23/04/05 12:44:27 INFO BlockManager: BlockManager stopped
23/04/05 12:44:27 INFO BlockManagerMaster: BlockManagerMaster stopped
23/04/05 12:44:27 INFO OutputCommitCoordinator$OutputCommitCoordinatorEndpoint: OutputCommitCoordinator stopped!
23/04/05 12:44:27 INFO SparkContext: Successfully stopped SparkContext
23/04/05 12:44:27 INFO ShutdownHookManager: Shutdown hook called
23/04/05 12:44:27 INFO ShutdownHookManager: Deleting directory /tmp/spark-1bfbd41e-4d47-4981-b7d4-4e675acdd499
23/04/05 12:44:27 INFO ShutdownHookManager: Deleting directory /tmp/spark-75a9256b-6ba8-4ac5-a5b5-b6de7769b7a0
